<?xml version="1.0" encoding="UTF-8"?>
<!-- Generated by org.testng.reporters.JUnitReportReporter -->
<testsuite hostname="DESKTOP-0TUU18E" failures="0" tests="4" name="DataproviderIntestNG.DataProviderWithExcel" time="211.848" errors="0" timestamp="2024-05-09T15:16:48 IST" skipped="0">
  <testcase classname="DataproviderIntestNG.DataProviderWithExcel" name="verifyNeedsOfParameters" time="86.844"/>
  <testcase classname="DataproviderIntestNG.DataProviderWithExcel" name="verifyNeedsOfParameters" time="39.908"/>
  <testcase classname="DataproviderIntestNG.DataProviderWithExcel" name="verifyNeedsOfParameters" time="41.396"/>
  <testcase classname="DataproviderIntestNG.DataProviderWithExcel" name="verifyNeedsOfParameters" time="43.700"/>
</testsuite> <!-- DataproviderIntestNG.DataProviderWithExcel -->
